[Thu Apr 08 10:49:37.949089 2021] [ssl:warn] [pid 8112:tid 616] AH01909: www.example.com:443:0 server certificate does NOT include an ID which matches the server name
[Thu Apr 08 10:49:38.407373 2021] [ssl:warn] [pid 8112:tid 616] AH01909: www.example.com:443:0 server certificate does NOT include an ID which matches the server name
[Thu Apr 08 10:49:40.370201 2021] [mpm_winnt:notice] [pid 8112:tid 616] AH00455: Apache/2.4.28 (Win32) OpenSSL/1.0.2l PHP/7.1.10 configured -- resuming normal operations
[Thu Apr 08 10:49:40.370201 2021] [mpm_winnt:notice] [pid 8112:tid 616] AH00456: Apache Lounge VC14 Server built: Oct  4 2017 11:36:32
[Thu Apr 08 10:49:40.371200 2021] [core:notice] [pid 8112:tid 616] AH00094: Command line: 'apache\\bin\\httpd.exe -d C:/xampp/htdocs/server/apache -f conf\\httpd.conf'
[Thu Apr 08 10:49:40.410408 2021] [mpm_winnt:notice] [pid 8112:tid 616] AH00418: Parent: Created child process 1356
[Thu Apr 08 10:49:42.314221 2021] [ssl:warn] [pid 1356:tid 240] AH01909: www.example.com:443:0 server certificate does NOT include an ID which matches the server name
[Thu Apr 08 10:49:42.511394 2021] [ssl:warn] [pid 1356:tid 240] AH01909: www.example.com:443:0 server certificate does NOT include an ID which matches the server name
[Thu Apr 08 10:49:42.653555 2021] [mpm_winnt:notice] [pid 1356:tid 240] AH00354: Child: Starting 150 worker threads.
[Thu Apr 08 10:52:34.943129 2021] [mpm_winnt:notice] [pid 8112:tid 616] AH00422: Parent: Received shutdown signal -- Shutting down the server.
[Thu Apr 08 10:52:36.945342 2021] [mpm_winnt:notice] [pid 1356:tid 240] AH00364: Child: All worker threads have exited.
[Thu Apr 08 10:52:36.995380 2021] [mpm_winnt:notice] [pid 8112:tid 616] AH00430: Parent: Child process 1356 exited successfully.
[Thu Apr 08 10:54:25.354902 2021] [ssl:warn] [pid 11540:tid 660] AH01909: www.example.com:443:0 server certificate does NOT include an ID which matches the server name
[Thu Apr 08 10:54:25.566269 2021] [ssl:warn] [pid 11540:tid 660] AH01909: www.example.com:443:0 server certificate does NOT include an ID which matches the server name
[Thu Apr 08 10:54:25.608622 2021] [mpm_winnt:notice] [pid 11540:tid 660] AH00455: Apache/2.4.28 (Win32) OpenSSL/1.0.2l PHP/7.1.10 configured -- resuming normal operations
[Thu Apr 08 10:54:25.608622 2021] [mpm_winnt:notice] [pid 11540:tid 660] AH00456: Apache Lounge VC14 Server built: Oct  4 2017 11:36:32
[Thu Apr 08 10:54:25.608622 2021] [core:notice] [pid 11540:tid 660] AH00094: Command line: 'apache\\bin\\httpd.exe -d C:/xampp/htdocs/server/apache -f conf\\httpd.conf'
[Thu Apr 08 10:54:25.611621 2021] [mpm_winnt:notice] [pid 11540:tid 660] AH00418: Parent: Created child process 8556
[Thu Apr 08 10:54:27.295465 2021] [ssl:warn] [pid 8556:tid 240] AH01909: www.example.com:443:0 server certificate does NOT include an ID which matches the server name
[Thu Apr 08 10:54:27.549319 2021] [ssl:warn] [pid 8556:tid 240] AH01909: www.example.com:443:0 server certificate does NOT include an ID which matches the server name
[Thu Apr 08 10:54:27.589296 2021] [mpm_winnt:notice] [pid 8556:tid 240] AH00354: Child: Starting 150 worker threads.
